{
  "stats": {
    "suites": 2,
    "tests": 8,
    "passes": 8,
    "pending": 0,
    "failures": 0,
    "start": "2023-06-29T02:06:26.283Z",
    "end": "2023-06-29T02:07:15.222Z",
    "duration": 48939,
    "testsRegistered": 8,
    "passPercent": 100,
    "pendingPercent": 0,
    "other": 0,
    "hasOther": false,
    "skipped": 0,
    "hasSkipped": false
  },
  "results": [
    {
      "uuid": "bc4dc55d-6c73-4069-aea7-a6359f477175",
      "title": "",
      "fullFile": "cypress\\e2e\\mainScript.cy.js",
      "file": "cypress\\e2e\\mainScript.cy.js",
      "beforeHooks": [],
      "afterHooks": [],
      "tests": [],
      "suites": [
        {
          "uuid": "8d020e81-6e60-4fa1-82cb-5ab2f806b5a1",
          "title": "UI testing suit",
          "fullFile": "",
          "file": "",
          "beforeHooks": [],
          "afterHooks": [],
          "tests": [
            {
              "title": "Add product to basket and cancel",
              "fullTitle": "UI testing suit Add product to basket and cancel",
              "timedOut": null,
              "duration": 12133,
              "state": "passed",
              "speed": "slow",
              "pass": true,
              "fail": false,
              "pending": false,
              "context": null,
              "code": "Product.visit();\nProduct.addProductToCart();\nProduct.clickOnDeleteProduct();\nProduct.verifyContentMessage();",
              "err": {},
              "uuid": "35fc70c3-b08b-4b9b-9b54-b5b62fc5598a",
              "parentUUID": "8d020e81-6e60-4fa1-82cb-5ab2f806b5a1",
              "isHook": false,
              "skipped": false
            },
            {
              "title": "Buy a product - form is not filled",
              "fullTitle": "UI testing suit Buy a product - form is not filled",
              "timedOut": null,
              "duration": 5045,
              "state": "passed",
              "speed": "medium",
              "pass": true,
              "fail": false,
              "pending": false,
              "context": null,
              "code": "Product.visit();\nProduct.addProductToCart();\nProduct.clickOnCheckout();\nProduct.clickOnContinueCheckoutButton();\nProduct.verifyCheckoutInputWarnings();",
              "err": {},
              "uuid": "e6b74dc4-632f-48e8-b066-39cb238e7ddb",
              "parentUUID": "8d020e81-6e60-4fa1-82cb-5ab2f806b5a1",
              "isHook": false,
              "skipped": false
            },
            {
              "title": "Buy a product - passwords dont match",
              "fullTitle": "UI testing suit Buy a product - passwords dont match",
              "timedOut": null,
              "duration": 8209,
              "state": "passed",
              "speed": "medium",
              "pass": true,
              "fail": false,
              "pending": false,
              "context": null,
              "code": "Product.visit();\nProduct.addProductToCart();\nProduct.clickOnCheckout();\ncy.fixture(\"productData\").then(data => {\n  Product.inputRegisterFields(data.testCasePasswordsDontMatch);\n  Product.confirmPassword(data.testCasePasswordsDontMatch.wrongPassword);\n});\nProduct.finishingCheckoutCheckboxes();\nProduct.clickOnContinueCheckoutButton();\nProduct.verifyWrongPasswordMessage();",
              "err": {},
              "uuid": "30b56cd7-33da-4945-947e-a09a1056f85d",
              "parentUUID": "8d020e81-6e60-4fa1-82cb-5ab2f806b5a1",
              "isHook": false,
              "skipped": false
            },
            {
              "title": "Buy a product - order placed",
              "fullTitle": "UI testing suit Buy a product - order placed",
              "timedOut": null,
              "duration": 11695,
              "state": "passed",
              "speed": "slow",
              "pass": true,
              "fail": false,
              "pending": false,
              "context": null,
              "code": "Product.visit();\nProduct.addProductToCart();\nProduct.clickOnCheckout();\ncy.fixture(\"productData\").then(data => {\n  Product.inputRegisterFields(data.testCaseBuyProductSuccesfully);\n  Product.confirmPassword(data.testCaseBuyProductSuccesfully.password);\n});\nProduct.finishingCheckoutCheckboxes();\nProduct.clickOnContinueCheckoutButton();\nProduct.buttonConfirm();\nProduct.succesOrderVerification();",
              "err": {},
              "uuid": "1b59adf4-a158-4ead-8d42-c8fe938b982c",
              "parentUUID": "8d020e81-6e60-4fa1-82cb-5ab2f806b5a1",
              "isHook": false,
              "skipped": false
            },
            {
              "title": "Buy a product after logged: quick buy",
              "fullTitle": "UI testing suit Buy a product after logged: quick buy",
              "timedOut": null,
              "duration": 10561,
              "state": "passed",
              "speed": "slow",
              "pass": true,
              "fail": false,
              "pending": false,
              "context": null,
              "code": "Login.visit();\ncy.fixture(\"productData\").then(data => {\n  Login.loginProcess(data.testCaseBuyProductSuccesfully.email, data.testCaseBuyProductSuccesfully.password);\n});\nProduct.visit();\nProduct.quickBuy();\nProduct.termsConditionsCheckbox();\nProduct.clickOnContinueCheckoutButton();\nProduct.buttonConfirm();\nProduct.succesOrderVerification();",
              "err": {},
              "uuid": "0068d79e-8ab4-4501-9815-7bbd5c5a40a8",
              "parentUUID": "8d020e81-6e60-4fa1-82cb-5ab2f806b5a1",
              "isHook": false,
              "skipped": false
            }
          ],
          "suites": [],
          "passes": [
            "35fc70c3-b08b-4b9b-9b54-b5b62fc5598a",
            "e6b74dc4-632f-48e8-b066-39cb238e7ddb",
            "30b56cd7-33da-4945-947e-a09a1056f85d",
            "1b59adf4-a158-4ead-8d42-c8fe938b982c",
            "0068d79e-8ab4-4501-9815-7bbd5c5a40a8"
          ],
          "failures": [],
          "pending": [],
          "skipped": [],
          "duration": 47643,
          "root": false,
          "rootEmpty": false,
          "_timeout": 2000
        },
        {
          "uuid": "936e8c1b-4c24-4424-9b0c-65ab413669c3",
          "title": "API testing suit",
          "fullFile": "",
          "file": "",
          "beforeHooks": [],
          "afterHooks": [],
          "tests": [
            {
              "title": "create an user",
              "fullTitle": "API testing suit create an user",
              "timedOut": null,
              "duration": 878,
              "state": "passed",
              "speed": "fast",
              "pass": true,
              "fail": false,
              "pending": false,
              "context": null,
              "code": "cy.fixture(\"userData\").then(data => {\n  User.createAnUser(data.userBody);\n});",
              "err": {},
              "uuid": "3702832b-b094-4cd1-82e6-cb6281bbddc5",
              "parentUUID": "936e8c1b-4c24-4424-9b0c-65ab413669c3",
              "isHook": false,
              "skipped": false
            },
            {
              "title": "get user by username",
              "fullTitle": "API testing suit get user by username",
              "timedOut": null,
              "duration": 125,
              "state": "passed",
              "speed": "fast",
              "pass": true,
              "fail": false,
              "pending": false,
              "context": null,
              "code": "cy.fixture(\"userData\").then(data => {\n  User.getUserByUsername(data.userBody);\n});",
              "err": {},
              "uuid": "53eec04a-1dc6-4869-a3da-71d5efad8c4a",
              "parentUUID": "936e8c1b-4c24-4424-9b0c-65ab413669c3",
              "isHook": false,
              "skipped": false
            },
            {
              "title": "trying to delete an user that doesnt exist",
              "fullTitle": "API testing suit trying to delete an user that doesnt exist",
              "timedOut": null,
              "duration": 120,
              "state": "passed",
              "speed": "fast",
              "pass": true,
              "fail": false,
              "pending": false,
              "context": null,
              "code": "cy.fixture(\"userData\").then(data => {\n  User.tryToDeleteAnNonExistUser(data.invalidUser.username);\n});",
              "err": {},
              "uuid": "01188ce3-cfd2-449c-ad27-cc20b58955e7",
              "parentUUID": "936e8c1b-4c24-4424-9b0c-65ab413669c3",
              "isHook": false,
              "skipped": false
            }
          ],
          "suites": [],
          "passes": [
            "3702832b-b094-4cd1-82e6-cb6281bbddc5",
            "53eec04a-1dc6-4869-a3da-71d5efad8c4a",
            "01188ce3-cfd2-449c-ad27-cc20b58955e7"
          ],
          "failures": [],
          "pending": [],
          "skipped": [],
          "duration": 1123,
          "root": false,
          "rootEmpty": false,
          "_timeout": 2000
        }
      ],
      "passes": [],
      "failures": [],
      "pending": [],
      "skipped": [],
      "duration": 0,
      "root": true,
      "rootEmpty": true,
      "_timeout": 2000
    }
  ],
  "meta": {
    "mocha": {
      "version": "7.0.1"
    },
    "mochawesome": {
      "options": {
        "quiet": false,
        "reportFilename": "report",
        "saveHtml": true,
        "saveJson": true,
        "consoleReporter": "spec",
        "useInlineDiffs": false,
        "code": true
      },
      "version": "7.1.3"
    },
    "marge": {
      "options": {
        "charts": true,
        "html": true,
        "json": true,
        "reportDir": "cypress/reports",
        "reportFilename": "report",
        "overwrite": true
      },
      "version": "6.2.0"
    }
  }
}